-------------------------------------------------------------------------------
>Log Session: Tuesday, March 15, 2016 3:51:08 PM CST
>System Info: 
  Product Version         = NetBeans IDE 中国教育考试版(2007)
  Operating System        = Windows Vista version 6.1 running on x86
  Java; VM; Vendor; Home  = 1.4.2_14; Java HotSpot(TM) Client VM 1.4.2_14-b05; Sun Microsystems Inc.; C:\j2sdk1.4.2_14\jre
  System Locale; Encoding = zh_CN (nbncre); GBK
  Home Dir.; Current Dir. = C:\Users\xubo; C:\netbeans-ncre2007\bin
  Installation; User Dir. = C:\netbeans-ncre2007\nbncre5.0;C:\netbeans-ncre2007\ide6;C:\netbeans-ncre2007\platform6; C:\tmp
  Boot & Ext. Classpath   = C:\j2sdk1.4.2_14\jre\lib\rt.jar;C:\j2sdk1.4.2_14\jre\lib\i18n.jar;C:\j2sdk1.4.2_14\jre\lib\sunrsasign.jar;C:\j2sdk1.4.2_14\jre\lib\jsse.jar;C:\j2sdk1.4.2_14\jre\lib\jce.jar;C:\j2sdk1.4.2_14\jre\lib\charsets.jar;C:\j2sdk1.4.2_14\jre\classes;C:\j2sdk1.4.2_14\jre\lib\ext\dnsns.jar;C:\j2sdk1.4.2_14\jre\lib\ext\ldapsec.jar;C:\j2sdk1.4.2_14\jre\lib\ext\localedata.jar;C:\j2sdk1.4.2_14\jre\lib\ext\sunjce_provider.jar
  Application Classpath   = C:\netbeans-ncre2007\platform6\lib\boot.jar;C:\netbeans-ncre2007\platform6\lib\org-openide-modules.jar;C:\netbeans-ncre2007\platform6\lib\org-openide-util.jar;C:\netbeans-ncre2007\platform6\lib\locale\boot_ja.jar;C:\netbeans-ncre2007\platform6\lib\locale\boot_zh_CN.jar;C:\netbeans-ncre2007\platform6\lib\locale\org-openide-modules_ja.jar;C:\netbeans-ncre2007\platform6\lib\locale\org-openide-modules_zh_CN.jar;C:\netbeans-ncre2007\platform6\lib\locale\org-openide-util_ja.jar;C:\netbeans-ncre2007\platform6\lib\locale\org-openide-util_zh_CN.jar;C:/j2sdk1.4.2_14\lib\dt.jar;C:/j2sdk1.4.2_14\lib\tools.jar
  Startup Classpath       = C:\netbeans-ncre2007\platform6\core\core.jar;C:\netbeans-ncre2007\platform6\core\org-openide-filesystems.jar;C:\netbeans-ncre2007\platform6\core\locale\core_ja.jar;C:\netbeans-ncre2007\platform6\core\locale\core_zh_CN.jar;C:\netbeans-ncre2007\platform6\core\locale\org-openide-filesystems_ja.jar;C:\netbeans-ncre2007\platform6\core\locale\org-openide-filesystems_zh_CN.jar;C:\netbeans-ncre2007\nbncre5.0\core\org-netbeans-ncre-upgrader.jar;C:\netbeans-ncre2007\nbncre5.0\core\locale\core_nbncre.jar;C:\netbeans-ncre2007\nbncre5.0\core\locale\core_nbncre_zh.jar;C:\netbeans-ncre2007\ide6\core\org-netbeans-modules-utilities-cli.jar
-------------------------------------------------------------------------------
警告：找不到模块 C:\netbeans-ncre2007\bin\modules\org-netbeans-modules-welcome.jar，忽略...
开启模块：
	org.openide.util [6.8.1 200603142030]
	org.openide.modules [6.5.1 200603142030]
	javax.jmi.reflect/1 [1.7.1 200603142030]
	org.openide.awt [6.7.1 200603142030]
	org.openide.filesystems [6.4.1 200603142030]
	org.openide.options [6.4.1 200603142030]
	org.openide.dialogs [6.5.1 200603142030]
	org.openide.io [1.9.1 200603142030]
	org.openide.execution [1.8.1 200603142030]
	org.netbeans.modules.extbrowser/1 [1.9.1 200603142030]
	org.openide.nodes [6.7.1 200603142030]
	org.openide.windows [6.5.1 200603142030]
	org.openide.text [6.9.1 200603142030]
	org.openide.explorer [6.5.1 1 200603142030]
	org.openide.actions [6.5.1 200603142030]
	org.openide.loaders [5.9.1 200603142030]
	org.netbeans.api.progress/1 [1.5.1 200603142030]
	org.netbeans.bootstrap/1 [2.3.1 200603142030]
	org.netbeans.core.startup/1 [1.5.1 200603142030]
	org.netbeans.swing.plaf [1.5.1 200603142030]
	org.netbeans.core/2 [3.2.1.1 200603142030]
	org.netbeans.modules.javahelp/1 [2.8.1 200603142030]
	org.netbeans.modules.settings/1 [1.10.1 200603142030]
	org.netbeans.modules.queries/1 [1.7.1 200603142030]
	org.netbeans.modules.projectapi/1 [1.9.1 200603142030]
	org.netbeans.modules.classfile/1 [1.18.1 200603142030]
	org.netbeans.api.java/1 [1.10.1 200603142030]
	org.netbeans.modules.java.platform/1 [1.7.1 200603142030]
	org.netbeans.modules.projectuiapi/1 [1.13.1.5 5 200603142030]
	org.netbeans.modules.project.ant/1 [1.12.1 200603142030]
	org.netbeans.modules.project.libraries/1 [1.13.1 200603142030]
	org.netbeans.modules.java.j2seplatform/1 [1.6.1.2 2 200603142030]
	org.netbeans.modules.editor.util/1 [1.8.1 200603142030]
	org.netbeans.modules.editor.mimelookup/1 [1.3.1 200603142030]
	org.netbeans.modules.editor.fold/1 [1.5.1 200603142030]
	org.netbeans.modules.editor.lib/1 [1.9.1.1 1 200603142030]
	org.openidex.util/3 [3.9.1 200603142030]
	org.netbeans.modules.editor.settings/1 [1.4.1 200603142030]
	org.netbeans.modules.editor/3 [1.26.1.1 200603142030]
	org.netbeans.modules.editor.completion/1 [1.6.1 200603142030]
	org.openide.src [1.8.1 200603142030]
	org.netbeans.jmi.javamodel/2 [1.21.1 200603142030]
	org.netbeans.api.mdr/1 [1.4.1 200603142030]
	javax.jmi.model/1 [1.7.1 200603142030]
	org.netbeans.modules.jmiutils/1 [1.5.1.2 2 200603142030]
	org.netbeans.modules.mdr/1 [1.5.1.2.2 2 200603142030]
	org.netbeans.modules.javacore/1 [1.18.1.2.2 200603142030]
	org.jdesktop.layout/1 [1.3.1 1.0 200603142030]
	org.netbeans.api.xml/1 [1.12.1 200603142030]
	org.netbeans.spi.navigator/1 [1.2.1 200603142030]
	org.netbeans.core.output2/1 [1.7.1.1 1 200603142030]
	org.netbeans.libs.formlayout/1 [1.2.1 1 200603142030]
	org.netbeans.modules.options.api/0 [1.3.1 200603142030]
	org.netbeans.core.execution/1 [1.9.1 200603142030]
	org.apache.tools.ant.module/3 [3.24.1.1 1 200603142030]
	org.netbeans.modules.favorites/1 [1.11.1 200603142030]
	org.netbeans.core.ui/1 [1.9.1 200603142030]
	org.netbeans.modules.xml.core/2 [1.11.1.4 4 200603142030]
	org.netbeans.modules.xml.catalog/2 [1.10.1.4.4 4 200603142030]
	org.netbeans.modules.masterfs/1 [1.7.1 200603142030]
	org.netbeans.modules.projectui [1.7.1.5 200603142030]
	org.netbeans.modules.editor.errorstripe.api/1 [2.2.1.1 1 200603142030]
	org.netbeans.modules.java/1 [1.25.1.2.2.2 2 200603142030]
	org.netbeans.modules.java.project/1 [1.8.1 200603142030]
	org.netbeans.core.multiview/1 [1.8.1 200603142030]
	org.netbeans.modules.junit/2 [2.19.1 200603142030]
	org.netbeans.spi.viewmodel/2 [1.9.1 200603142030]
	org.netbeans.api.debugger/1 [1.7.1 200603142030]
	org.netbeans.spi.debugger.ui/1 [2.8.1 200603142030]
	org.netbeans.swing.tabcontrol [1.6.1 200603142030]
	org.netbeans.core.windows/2 [2.7.1.1 200603142030]
	org.netbeans.modules.ant.freeform/1 [1.10.1 200603142030]
	org.netbeans.modules.java.editor.lib/1 [1.4.1 200603142030]
	org.netbeans.modules.editor.codetemplates/1 [1.2.1 200603142030]
	org.netbeans.modules.java.editor/1 [1.4.1 200603142030]
	org.netbeans.modules.javadoc/1 [1.18.1 200603142030]
	org.netbeans.modules.editor.settings.storage/1 [1.4.1 200603142030]
	org.netbeans.modules.editor.bookmarks/1 [1.3.1 200603142030]
	org.netbeans.modules.utilities/1 [1.21.1 200603142030]
	org.netbeans.modules.utilities.project/1 [1.5.1 200603142030]
	org.netbeans.modules.image/1 [1.17.1 200603142030]
	org.netbeans.libs.xerces/1 [1.8.1 2.6.2 200603142030]
	org.netbeans.ncre.upgrader [1.0 070430]
	org.netbeans.modules.editor.errorstripe/2 [2.2.1.1.1 1 200603142030]
	org.netbeans.api.debugger.jpda/2 [2.4.1 200603142030]
	org.netbeans.modules.debugger.jpda/2 [1.16.1 200603142030]
	org.netbeans.modules.debugger.jpda.ui/1 [1.5.1 200603142030]
	org.netbeans.modules.debugger.jpda.ant [1.7.1 200603142030]
	org.netbeans.modules.editor.hints/1 [1.9.1.1 1 200603142030]
	org.netbeans.modules.defaults/1 [1.2.1 200603142030]
	org.netbeans.modules.java.freeform/1 [1.5.1 200603142030]
	org.netbeans.spi.palette/0 [1.5.1 200603142030]
	org.netbeans.modules.autoupdate/1 [2.16.1 200603142030]
	org.netbeans.modules.options.editor/1 [1.2.1 200603142030]
	org.netbeans.modules.servletapi/1 [1.9.1 200603142030]
	org.netbeans.modules.editor.plain.lib/1 [1.3.1 200603142030]
	org.netbeans.modules.editor.plain/1 [1.3.1 200603142030]
	org.netbeans.modules.websvc.clientapi [1.4.1 200603142030]
	org.netbeans.modules.properties/1 [1.17.1 200603142030]
	org.netbeans.modules.properties.syntax/1 [1.17.1 200603142030]
	org.netbeans.modules.usersguide/1 [1.19.1 200603142030]
	org.netbeans.modules.ant.browsetask [1.11.1 200603142030]
	org.netbeans.modules.ant.grammar/1 [1.14.1 200603142030]
	org.netbeans.core.ide/1 [1.9.1 200603142030]
	org.netbeans.modules.form/2 [1.19.1 1 200603142030]
	org.netbeans.modules.html.editor.lib/1 [1.4.1 200603142030]
	org.netbeans.modules.java.examples/1 [1.5.1 200603142030]
	org.netbeans.modules.java.j2seproject [1.6.1.42 42 200603142030]
	com.sun.sdnchina.ncrev2 [1.1 071215]
	org.netbeans.modules.java.hints/1 [1.10.1.1 1 200603142030]
	org.netbeans.modules.html.editor/1 [1.4.1 200603142030]
	org.netbeans.modules.editor.structure/1 [1.11.1.1 1 200603142030]
	org.netbeans.modules.httpserver/2 [2.5.1.42 42 200603142030]
	org.netbeans.modules.html/1 [1.19.1 200603142030]
	org.netbeans.modules.java.navigation/1 [1.2.1 200603142030]
*********** Exception occurred ************ at 3:52 PM on Mar 15, 2016
java.lang.NullPointerException
	at java.awt.Dimension.<init>(Dimension.java:91)
	at javax.swing.plaf.basic.BasicProgressBarUI.getPreferredSize(BasicProgressBarUI.java:799)
	at javax.swing.JComponent.getPreferredSize(JComponent.java:1275)
	at org.netbeans.progress.module.ui.NbProgressBar.getPreferredSize(NbProgressBar.java:55)
	at org.netbeans.progress.module.ui.StatusLineComponent.<init>(StatusLineComponent.java:95)
	at org.netbeans.progress.module.Controller.getDefault(Controller.java:69)
	at org.netbeans.progress.module.ProgressVisualizerProvider.getStatusLineElement(ProgressVisualizerProvider.java:30)
	at org.netbeans.core.windows.view.ui.MainWindow.getStatusLineElements(MainWindow.java:247)
	at org.netbeans.core.windows.view.ui.MainWindow.decoratePanel(MainWindow.java:221)
	at org.netbeans.core.windows.view.ui.MainWindow.initializeComponents(MainWindow.java:176)
	at org.netbeans.core.windows.view.DefaultView.showWindowSystem(DefaultView.java:500)
	at org.netbeans.core.windows.view.DefaultView.windowSystemVisibilityChanged(DefaultView.java:479)
	at org.netbeans.core.windows.view.DefaultView.changeGUI(DefaultView.java:163)
	at org.netbeans.core.windows.ViewRequestor.dispatchRequest(ViewRequestor.java:238)
	at org.netbeans.core.windows.ViewRequestor.processVisibilityRequest(ViewRequestor.java:227)
	at org.netbeans.core.windows.ViewRequestor.postVisibilityRequest(ViewRequestor.java:164)
	at org.netbeans.core.windows.ViewRequestor.scheduleRequest(ViewRequestor.java:85)
	at org.netbeans.core.windows.Central.setVisible(Central.java:74)
	at org.netbeans.core.windows.WindowManagerImpl.setVisible(WindowManagerImpl.java:710)
	at org.netbeans.core.windows.WindowSystemImpl.show(WindowSystemImpl.java:56)
	at org.netbeans.core.NonGui$3.run(NonGui.java:223)
	at java.awt.event.InvocationEvent.dispatch(InvocationEvent.java:189)
	at java.awt.EventQueue.dispatchEvent(EventQueue.java:478)
[catch] at java.awt.EventDispatchThread.pumpOneEventForHierarchy(EventDispatchThread.java:201)
	at java.awt.EventDispatchThread.pumpEventsForHierarchy(EventDispatchThread.java:151)
	at java.awt.EventDispatchThread.pumpEvents(EventDispatchThread.java:145)
	at java.awt.EventDispatchThread.pumpEvents(EventDispatchThread.java:137)
	at java.awt.EventDispatchThread.run(EventDispatchThread.java:100)
*********** Exception occurred ************ at 3:58 PM on Mar 15, 2016
java.lang.ClassNotFoundException: Cannot instantiate org.netbeans.progress.module.ProgressListAction for MultiFileObject@5dbc90[Actions/Window/org-netbeans-progress-module-ProgressListAction.instance]
	at org.openide.loaders.InstanceSupport.instanceCreate(InstanceSupport.java:212)
	at org.openide.loaders.InstanceDataObject$Ser.instanceCreate(InstanceDataObject.java:1225)
	at org.openide.loaders.InstanceDataObject.instanceCreate(InstanceDataObject.java:733)
	at org.openide.loaders.FolderInstance.instanceForCookie(FolderInstance.java:515)
	at org.openide.loaders.FolderInstance$HoldInstance.instanceCreate(FolderInstance.java:1000)
[catch] at org.openide.awt.MenuBar.allInstances(MenuBar.java:210)
	at org.openide.awt.MenuBar$LazyMenu$MenuFolder.createInstance(MenuBar.java:614)
	at org.openide.loaders.FolderInstance.defaultProcessObjects(FolderInstance.java:736)
	at org.openide.loaders.FolderInstance.access$000(FolderInstance.java:68)
	at org.openide.loaders.FolderInstance$2.run(FolderInstance.java:622)
	at org.openide.util.Task.run(Task.java:216)
	at org.openide.awt.AWTTask.run(AWTTask.java:29)
	at java.awt.event.InvocationEvent.dispatch(InvocationEvent.java:189)
	at java.awt.EventQueue.dispatchEvent(EventQueue.java:478)
	at java.awt.EventDispatchThread.pumpOneEventForHierarchy(EventDispatchThread.java:201)
	at java.awt.EventDispatchThread.pumpEventsForHierarchy(EventDispatchThread.java:151)
	at java.awt.EventDispatchThread.pumpEvents(EventDispatchThread.java:145)
	at java.awt.EventDispatchThread.pumpEvents(EventDispatchThread.java:137)
	at java.awt.EventDispatchThread.run(EventDispatchThread.java:100)
Caused by: java.lang.NullPointerException
	at java.awt.Dimension.<init>(Dimension.java:91)
	at javax.swing.plaf.basic.BasicProgressBarUI.getPreferredSize(BasicProgressBarUI.java:799)
	at javax.swing.JComponent.getPreferredSize(JComponent.java:1275)
	at org.netbeans.progress.module.ui.NbProgressBar.getPreferredSize(NbProgressBar.java:55)
	at org.netbeans.progress.module.ui.StatusLineComponent.<init>(StatusLineComponent.java:95)
	at org.netbeans.progress.module.Controller.getDefault(Controller.java:69)
	at org.netbeans.progress.module.ProgressListAction.<init>(ProgressListAction.java:36)
	at org.netbeans.progress.module.ProgressListAction.<init>(ProgressListAction.java:30)
	at sun.reflect.NativeConstructorAccessorImpl.newInstance0(Native Method)
	at sun.reflect.NativeConstructorAccessorImpl.newInstance(NativeConstructorAccessorImpl.java:39)
	at sun.reflect.DelegatingConstructorAccessorImpl.newInstance(DelegatingConstructorAccessorImpl.java:27)
	at java.lang.reflect.Constructor.newInstance(Constructor.java:274)
	at java.lang.Class.newInstance0(Class.java:308)
	at java.lang.Class.newInstance(Class.java:261)
	at org.openide.loaders.InstanceSupport.instanceCreate(InstanceSupport.java:201)
	... 18 more
==>
java.lang.NullPointerException
	at java.awt.Dimension.<init>(Dimension.java:91)
	at javax.swing.plaf.basic.BasicProgressBarUI.getPreferredSize(BasicProgressBarUI.java:799)
	at javax.swing.JComponent.getPreferredSize(JComponent.java:1275)
	at org.netbeans.progress.module.ui.NbProgressBar.getPreferredSize(NbProgressBar.java:55)
	at org.netbeans.progress.module.ui.StatusLineComponent.<init>(StatusLineComponent.java:95)
	at org.netbeans.progress.module.Controller.getDefault(Controller.java:69)
	at org.netbeans.progress.module.ProgressListAction.<init>(ProgressListAction.java:36)
	at org.netbeans.progress.module.ProgressListAction.<init>(ProgressListAction.java:30)
	at sun.reflect.NativeConstructorAccessorImpl.newInstance0(Native Method)
	at sun.reflect.NativeConstructorAccessorImpl.newInstance(NativeConstructorAccessorImpl.java:39)
	at sun.reflect.DelegatingConstructorAccessorImpl.newInstance(DelegatingConstructorAccessorImpl.java:27)
	at java.lang.reflect.Constructor.newInstance(Constructor.java:274)
	at java.lang.Class.newInstance0(Class.java:308)
	at java.lang.Class.newInstance(Class.java:261)
	at org.openide.loaders.InstanceSupport.instanceCreate(InstanceSupport.java:201)
	at org.openide.loaders.InstanceDataObject$Ser.instanceCreate(InstanceDataObject.java:1225)
	at org.openide.loaders.InstanceDataObject.instanceCreate(InstanceDataObject.java:733)
	at org.openide.loaders.FolderInstance.instanceForCookie(FolderInstance.java:515)
	at org.openide.loaders.FolderInstance$HoldInstance.instanceCreate(FolderInstance.java:1000)
[catch] at org.openide.awt.MenuBar.allInstances(MenuBar.java:210)
	at org.openide.awt.MenuBar$LazyMenu$MenuFolder.createInstance(MenuBar.java:614)
	at org.openide.loaders.FolderInstance.defaultProcessObjects(FolderInstance.java:736)
	at org.openide.loaders.FolderInstance.access$000(FolderInstance.java:68)
	at org.openide.loaders.FolderInstance$2.run(FolderInstance.java:622)
	at org.openide.util.Task.run(Task.java:216)
	at org.openide.awt.AWTTask.run(AWTTask.java:29)
	at java.awt.event.InvocationEvent.dispatch(InvocationEvent.java:189)
	at java.awt.EventQueue.dispatchEvent(EventQueue.java:478)
	at java.awt.EventDispatchThread.pumpOneEventForHierarchy(EventDispatchThread.java:201)
	at java.awt.EventDispatchThread.pumpEventsForHierarchy(EventDispatchThread.java:151)
	at java.awt.EventDispatchThread.pumpEvents(EventDispatchThread.java:145)
	at java.awt.EventDispatchThread.pumpEvents(EventDispatchThread.java:137)
	at java.awt.EventDispatchThread.run(EventDispatchThread.java:100)
*********** Exception occurred ************ at 3:58 PM on Mar 15, 2016
java.lang.ClassNotFoundException: Cannot instantiate org.netbeans.progress.module.ProgressListAction for MultiFileObject@5dbc90[Actions/Window/org-netbeans-progress-module-ProgressListAction.instance]
	at org.openide.loaders.InstanceSupport.instanceCreate(InstanceSupport.java:212)
	at org.openide.loaders.InstanceDataObject$Ser.instanceCreate(InstanceDataObject.java:1225)
	at org.openide.loaders.InstanceDataObject.instanceCreate(InstanceDataObject.java:733)
	at org.openide.loaders.FolderInstance.instanceForCookie(FolderInstance.java:515)
	at org.openide.loaders.FolderInstance$HoldInstance.instanceCreate(FolderInstance.java:1000)
[catch] at org.openide.awt.MenuBar.allInstances(MenuBar.java:210)
	at org.openide.awt.MenuBar$LazyMenu$MenuFolder.createInstance(MenuBar.java:614)
	at org.openide.loaders.FolderInstance.defaultProcessObjects(FolderInstance.java:736)
	at org.openide.loaders.FolderInstance.access$000(FolderInstance.java:68)
	at org.openide.loaders.FolderInstance$2.run(FolderInstance.java:622)
	at org.openide.util.Task.run(Task.java:216)
	at org.openide.awt.AWTTask.run(AWTTask.java:29)
	at java.awt.event.InvocationEvent.dispatch(InvocationEvent.java:189)
	at java.awt.EventQueue.dispatchEvent(EventQueue.java:478)
	at java.awt.EventDispatchThread.pumpOneEventForHierarchy(EventDispatchThread.java:201)
	at java.awt.EventDispatchThread.pumpEventsForHierarchy(EventDispatchThread.java:151)
	at java.awt.EventDispatchThread.pumpEvents(EventDispatchThread.java:145)
	at java.awt.EventDispatchThread.pumpEvents(EventDispatchThread.java:137)
	at java.awt.EventDispatchThread.run(EventDispatchThread.java:100)
Caused by: java.lang.NullPointerException
	at java.awt.Dimension.<init>(Dimension.java:91)
	at javax.swing.plaf.basic.BasicProgressBarUI.getPreferredSize(BasicProgressBarUI.java:799)
	at javax.swing.JComponent.getPreferredSize(JComponent.java:1275)
	at org.netbeans.progress.module.ui.NbProgressBar.getPreferredSize(NbProgressBar.java:55)
	at org.netbeans.progress.module.ui.StatusLineComponent.<init>(StatusLineComponent.java:95)
	at org.netbeans.progress.module.Controller.getDefault(Controller.java:69)
	at org.netbeans.progress.module.ProgressListAction.<init>(ProgressListAction.java:36)
	at org.netbeans.progress.module.ProgressListAction.<init>(ProgressListAction.java:30)
	at sun.reflect.NativeConstructorAccessorImpl.newInstance0(Native Method)
	at sun.reflect.NativeConstructorAccessorImpl.newInstance(NativeConstructorAccessorImpl.java:39)
	at sun.reflect.DelegatingConstructorAccessorImpl.newInstance(DelegatingConstructorAccessorImpl.java:27)
	at java.lang.reflect.Constructor.newInstance(Constructor.java:274)
	at java.lang.Class.newInstance0(Class.java:308)
	at java.lang.Class.newInstance(Class.java:261)
	at org.openide.loaders.InstanceSupport.instanceCreate(InstanceSupport.java:201)
	... 18 more
==>
java.lang.NullPointerException
	at java.awt.Dimension.<init>(Dimension.java:91)
	at javax.swing.plaf.basic.BasicProgressBarUI.getPreferredSize(BasicProgressBarUI.java:799)
	at javax.swing.JComponent.getPreferredSize(JComponent.java:1275)
	at org.netbeans.progress.module.ui.NbProgressBar.getPreferredSize(NbProgressBar.java:55)
	at org.netbeans.progress.module.ui.StatusLineComponent.<init>(StatusLineComponent.java:95)
	at org.netbeans.progress.module.Controller.getDefault(Controller.java:69)
	at org.netbeans.progress.module.ProgressListAction.<init>(ProgressListAction.java:36)
	at org.netbeans.progress.module.ProgressListAction.<init>(ProgressListAction.java:30)
	at sun.reflect.NativeConstructorAccessorImpl.newInstance0(Native Method)
	at sun.reflect.NativeConstructorAccessorImpl.newInstance(NativeConstructorAccessorImpl.java:39)
	at sun.reflect.DelegatingConstructorAccessorImpl.newInstance(DelegatingConstructorAccessorImpl.java:27)
	at java.lang.reflect.Constructor.newInstance(Constructor.java:274)
	at java.lang.Class.newInstance0(Class.java:308)
	at java.lang.Class.newInstance(Class.java:261)
	at org.openide.loaders.InstanceSupport.instanceCreate(InstanceSupport.java:201)
	at org.openide.loaders.InstanceDataObject$Ser.instanceCreate(InstanceDataObject.java:1225)
	at org.openide.loaders.InstanceDataObject.instanceCreate(InstanceDataObject.java:733)
	at org.openide.loaders.FolderInstance.instanceForCookie(FolderInstance.java:515)
	at org.openide.loaders.FolderInstance$HoldInstance.instanceCreate(FolderInstance.java:1000)
[catch] at org.openide.awt.MenuBar.allInstances(MenuBar.java:210)
	at org.openide.awt.MenuBar$LazyMenu$MenuFolder.createInstance(MenuBar.java:614)
	at org.openide.loaders.FolderInstance.defaultProcessObjects(FolderInstance.java:736)
	at org.openide.loaders.FolderInstance.access$000(FolderInstance.java:68)
	at org.openide.loaders.FolderInstance$2.run(FolderInstance.java:622)
	at org.openide.util.Task.run(Task.java:216)
	at org.openide.awt.AWTTask.run(AWTTask.java:29)
	at java.awt.event.InvocationEvent.dispatch(InvocationEvent.java:189)
	at java.awt.EventQueue.dispatchEvent(EventQueue.java:478)
	at java.awt.EventDispatchThread.pumpOneEventForHierarchy(EventDispatchThread.java:201)
	at java.awt.EventDispatchThread.pumpEventsForHierarchy(EventDispatchThread.java:151)
	at java.awt.EventDispatchThread.pumpEvents(EventDispatchThread.java:145)
	at java.awt.EventDispatchThread.pumpEvents(EventDispatchThread.java:137)
	at java.awt.EventDispatchThread.run(EventDispatchThread.java:100)
[org.netbeans.core.modules] *********** Exception occurred ************ at 4:04 PM on Mar 15, 2016
java.lang.NullPointerException
	at java.awt.Dimension.<init>(Dimension.java:91)
	at javax.swing.plaf.basic.BasicProgressBarUI.getPreferredSize(BasicProgressBarUI.java:799)
	at javax.swing.JComponent.getPreferredSize(JComponent.java:1275)
	at org.netbeans.progress.module.ui.NbProgressBar.getPreferredSize(NbProgressBar.java:55)
	at org.netbeans.progress.module.ui.StatusLineComponent.<init>(StatusLineComponent.java:95)
	at org.netbeans.progress.module.Controller.getDefault(Controller.java:69)
	at org.netbeans.core.execution.Install.getPendingTasks(Install.java:348)
	at org.netbeans.core.execution.Install.showPendingTasks(Install.java:201)
	at org.netbeans.core.execution.Install.closing(Install.java:132)
[catch] at org.netbeans.core.startup.NbInstaller.closing(NbInstaller.java:598)
	at org.netbeans.ModuleManager.shutDown(ModuleManager.java:1552)
	at org.netbeans.core.startup.ModuleSystem.shutDown(ModuleSystem.java:257)
	at org.netbeans.core.NbTopManager.doExit(NbTopManager.java:369)
	at org.netbeans.core.NbTopManager.exit(NbTopManager.java:325)
	at org.netbeans.core.NbTopManager$NbLifecycleManager.exit(NbTopManager.java:424)
	at org.netbeans.core.windows.view.ui.MainWindow$4.windowClosing(MainWindow.java:290)
	at java.awt.AWTEventMulticaster.windowClosing(AWTEventMulticaster.java:291)
	at java.awt.Window.processWindowEvent(Window.java:1121)
	at javax.swing.JFrame.processWindowEvent(JFrame.java:266)
	at java.awt.Window.processEvent(Window.java:1079)
	at java.awt.Component.dispatchEventImpl(Component.java:3615)
	at java.awt.Container.dispatchEventImpl(Container.java:1627)
	at java.awt.Window.dispatchEventImpl(Window.java:1606)
	at java.awt.Component.dispatchEvent(Component.java:3477)
	at java.awt.EventQueue.dispatchEvent(EventQueue.java:480)
	at java.awt.EventDispatchThread.pumpOneEventForHierarchy(EventDispatchThread.java:201)
	at java.awt.EventDispatchThread.pumpEventsForHierarchy(EventDispatchThread.java:151)
	at java.awt.EventDispatchThread.pumpEvents(EventDispatchThread.java:145)
	at java.awt.EventDispatchThread.pumpEvents(EventDispatchThread.java:137)
	at java.awt.EventDispatchThread.run(EventDispatchThread.java:100)
[org.netbeans.core.modules] *********** Exception occurred ************ at 4:04 PM on Mar 15, 2016
java.lang.NullPointerException
	at java.awt.Dimension.<init>(Dimension.java:91)
	at javax.swing.plaf.basic.BasicProgressBarUI.getPreferredSize(BasicProgressBarUI.java:799)
	at javax.swing.JComponent.getPreferredSize(JComponent.java:1275)
	at org.netbeans.progress.module.ui.NbProgressBar.getPreferredSize(NbProgressBar.java:55)
	at java.awt.BorderLayout.preferredLayoutSize(BorderLayout.java:572)
	at java.awt.Container.preferredSize(Container.java:1178)
	at java.awt.Container.getPreferredSize(Container.java:1162)
	at javax.swing.JComponent.getPreferredSize(JComponent.java:1277)
	at java.awt.BorderLayout.preferredLayoutSize(BorderLayout.java:572)
	at java.awt.Container.preferredSize(Container.java:1178)
	at java.awt.Container.getPreferredSize(Container.java:1162)
	at javax.swing.JComponent.getPreferredSize(JComponent.java:1277)
	at javax.swing.JRootPane$RootLayout.preferredLayoutSize(JRootPane.java:820)
	at java.awt.Container.preferredSize(Container.java:1178)
	at java.awt.Container.getPreferredSize(Container.java:1162)
	at javax.swing.JComponent.getPreferredSize(JComponent.java:1277)
	at java.awt.BorderLayout.preferredLayoutSize(BorderLayout.java:572)
	at java.awt.Container.preferredSize(Container.java:1178)
	at java.awt.Container.getPreferredSize(Container.java:1162)
	at java.awt.Window.pack(Window.java:438)
	at org.netbeans.modules.javacore.ShutDownProgressPanel.<init>(ShutDownProgressPanel.java:41)
	at org.netbeans.modules.javacore.ShutDownProgressPanel.getDefault(ShutDownProgressPanel.java:49)
	at org.netbeans.modules.javacore.ShutDownProgressListener.getPanel(ShutDownProgressListener.java:29)
	at org.netbeans.modules.javacore.ShutDownProgressListener.init(ShutDownProgressListener.java:36)
	at org.netbeans.modules.mdr.MDRManagerImpl.fireProgressListenerInitialize(MDRManagerImpl.java:147)
	at org.netbeans.modules.mdr.MDRManagerImpl.preShutdownAll(MDRManagerImpl.java:239)
	at org.netbeans.modules.mdr.MdrModule.close(MdrModule.java:44)
[catch] at org.netbeans.core.startup.NbInstaller.close(NbInstaller.java:628)
	at org.netbeans.ModuleManager.shutDown(ModuleManager.java:1564)
	at org.netbeans.core.startup.ModuleSystem.shutDown(ModuleSystem.java:257)
	at org.netbeans.core.NbTopManager.doExit(NbTopManager.java:369)
	at org.netbeans.core.NbTopManager.exit(NbTopManager.java:325)
	at org.netbeans.core.NbTopManager$NbLifecycleManager.exit(NbTopManager.java:424)
	at org.netbeans.core.windows.view.ui.MainWindow$4.windowClosing(MainWindow.java:290)
	at java.awt.AWTEventMulticaster.windowClosing(AWTEventMulticaster.java:291)
	at java.awt.Window.processWindowEvent(Window.java:1121)
	at javax.swing.JFrame.processWindowEvent(JFrame.java:266)
	at java.awt.Window.processEvent(Window.java:1079)
	at java.awt.Component.dispatchEventImpl(Component.java:3615)
	at java.awt.Container.dispatchEventImpl(Container.java:1627)
	at java.awt.Window.dispatchEventImpl(Window.java:1606)
	at java.awt.Component.dispatchEvent(Component.java:3477)
	at java.awt.EventQueue.dispatchEvent(EventQueue.java:480)
	at java.awt.EventDispatchThread.pumpOneEventForHierarchy(EventDispatchThread.java:201)
	at java.awt.EventDispatchThread.pumpEventsForHierarchy(EventDispatchThread.java:151)
	at java.awt.EventDispatchThread.pumpEvents(EventDispatchThread.java:145)
	at java.awt.EventDispatchThread.pumpEvents(EventDispatchThread.java:137)
	at java.awt.EventDispatchThread.run(EventDispatchThread.java:100)
-------------------------------------------------------------------------------
>Log Session: Tuesday, March 15, 2016 4:04:18 PM CST
>System Info: 
  Product Version         = NetBeans IDE 中国教育考试版(2007)
  Operating System        = Windows Vista version 6.1 running on x86
  Java; VM; Vendor; Home  = 1.4.2_14; Java HotSpot(TM) Client VM 1.4.2_14-b05; Sun Microsystems Inc.; C:\j2sdk1.4.2_14\jre
  System Locale; Encoding = zh_CN (nbncre); GBK
  Home Dir.; Current Dir. = C:\Users\xubo; C:\netbeans-ncre2007\bin
  Installation; User Dir. = C:\netbeans-ncre2007\nbncre5.0;C:\netbeans-ncre2007\ide6;C:\netbeans-ncre2007\platform6; C:\tmp
  Boot & Ext. Classpath   = C:\j2sdk1.4.2_14\jre\lib\rt.jar;C:\j2sdk1.4.2_14\jre\lib\i18n.jar;C:\j2sdk1.4.2_14\jre\lib\sunrsasign.jar;C:\j2sdk1.4.2_14\jre\lib\jsse.jar;C:\j2sdk1.4.2_14\jre\lib\jce.jar;C:\j2sdk1.4.2_14\jre\lib\charsets.jar;C:\j2sdk1.4.2_14\jre\classes;C:\j2sdk1.4.2_14\jre\lib\ext\dnsns.jar;C:\j2sdk1.4.2_14\jre\lib\ext\ldapsec.jar;C:\j2sdk1.4.2_14\jre\lib\ext\localedata.jar;C:\j2sdk1.4.2_14\jre\lib\ext\sunjce_provider.jar
  Application Classpath   = C:\netbeans-ncre2007\platform6\lib\boot.jar;C:\netbeans-ncre2007\platform6\lib\org-openide-modules.jar;C:\netbeans-ncre2007\platform6\lib\org-openide-util.jar;C:\netbeans-ncre2007\platform6\lib\locale\boot_ja.jar;C:\netbeans-ncre2007\platform6\lib\locale\boot_zh_CN.jar;C:\netbeans-ncre2007\platform6\lib\locale\org-openide-modules_ja.jar;C:\netbeans-ncre2007\platform6\lib\locale\org-openide-modules_zh_CN.jar;C:\netbeans-ncre2007\platform6\lib\locale\org-openide-util_ja.jar;C:\netbeans-ncre2007\platform6\lib\locale\org-openide-util_zh_CN.jar;C:/j2sdk1.4.2_14\lib\dt.jar;C:/j2sdk1.4.2_14\lib\tools.jar
  Startup Classpath       = C:\netbeans-ncre2007\platform6\core\core.jar;C:\netbeans-ncre2007\platform6\core\org-openide-filesystems.jar;C:\netbeans-ncre2007\platform6\core\locale\core_ja.jar;C:\netbeans-ncre2007\platform6\core\locale\core_zh_CN.jar;C:\netbeans-ncre2007\platform6\core\locale\org-openide-filesystems_ja.jar;C:\netbeans-ncre2007\platform6\core\locale\org-openide-filesystems_zh_CN.jar;C:\netbeans-ncre2007\nbncre5.0\core\org-netbeans-ncre-upgrader.jar;C:\netbeans-ncre2007\nbncre5.0\core\locale\core_nbncre.jar;C:\netbeans-ncre2007\nbncre5.0\core\locale\core_nbncre_zh.jar;C:\netbeans-ncre2007\ide6\core\org-netbeans-modules-utilities-cli.jar
-------------------------------------------------------------------------------
开启模块：
	org.openide.util [6.8.1 200603142030]
	org.openide.modules [6.5.1 200603142030]
	org.openide.awt [6.7.1 200603142030]
	org.openide.dialogs [6.5.1 200603142030]
	org.openide.nodes [6.7.1 200603142030]
	org.openide.windows [6.5.1 200603142030]
	org.openide.options [6.4.1 200603142030]
	org.openide.text [6.9.1 200603142030]
	org.netbeans.core.multiview/1 [1.8.1 200603142030]
	org.netbeans.modules.editor.util/1 [1.8.1 200603142030]
	org.openide.filesystems [6.4.1 200603142030]
	org.openide.explorer [6.5.1 1 200603142030]
	org.openide.actions [6.5.1 200603142030]
	org.openide.loaders [5.9.1 200603142030]
	org.netbeans.modules.editor.mimelookup/1 [1.3.1 200603142030]
	org.netbeans.modules.editor.fold/1 [1.5.1 200603142030]
	org.netbeans.modules.editor.lib/1 [1.9.1.1 1 200603142030]
	org.netbeans.modules.editor.plain.lib/1 [1.3.1 200603142030]
	org.openide.io [1.9.1 200603142030]
	org.openide.execution [1.8.1 200603142030]
	org.netbeans.api.java/1 [1.10.1 200603142030]
	org.netbeans.spi.viewmodel/2 [1.9.1 200603142030]
	org.netbeans.api.debugger/1 [1.7.1 200603142030]
	org.netbeans.api.debugger.jpda/2 [2.4.1 200603142030]
	org.netbeans.modules.debugger.jpda/2 [1.16.1 200603142030]
	org.netbeans.modules.queries/1 [1.7.1 200603142030]
	org.netbeans.modules.projectapi/1 [1.9.1 200603142030]
	org.netbeans.api.progress/1 [1.5.1 200603142030]
	org.jdesktop.layout/1 [1.3.1 1.0 200603142030]
	org.netbeans.api.xml/1 [1.12.1 200603142030]
	org.netbeans.spi.navigator/1 [1.2.1 200603142030]
	org.netbeans.core.output2/1 [1.7.1.1 1 200603142030]
	org.netbeans.libs.formlayout/1 [1.2.1 1 200603142030]
	org.netbeans.modules.options.api/0 [1.3.1 200603142030]
	org.netbeans.bootstrap/1 [2.3.1 200603142030]
	org.netbeans.core.startup/1 [1.5.1 200603142030]
	org.netbeans.swing.plaf [1.5.1 200603142030]
	org.netbeans.core/2 [3.2.1.1 200603142030]
	org.netbeans.core.execution/1 [1.9.1 200603142030]
	org.apache.tools.ant.module/3 [3.24.1.1 1 200603142030]
	org.openide.src [1.8.1 200603142030]
	org.openidex.util/3 [3.9.1 200603142030]
	org.netbeans.modules.java.platform/1 [1.7.1 200603142030]
	org.netbeans.modules.favorites/1 [1.11.1 200603142030]
	org.netbeans.core.ui/1 [1.9.1 200603142030]
	org.netbeans.modules.xml.core/2 [1.11.1.4 4 200603142030]
	org.netbeans.modules.xml.catalog/2 [1.10.1.4.4 4 200603142030]
	org.netbeans.modules.masterfs/1 [1.7.1 200603142030]
	org.netbeans.modules.projectuiapi/1 [1.13.1.5 5 200603142030]
	org.netbeans.modules.projectui [1.7.1.5 200603142030]
	org.netbeans.modules.project.ant/1 [1.12.1 200603142030]
	javax.jmi.reflect/1 [1.7.1 200603142030]
	org.netbeans.jmi.javamodel/2 [1.21.1 200603142030]
	org.netbeans.modules.editor.errorstripe.api/1 [2.2.1.1 1 200603142030]
	org.netbeans.api.mdr/1 [1.4.1 200603142030]
	javax.jmi.model/1 [1.7.1 200603142030]
	org.netbeans.modules.jmiutils/1 [1.5.1.2 2 200603142030]
	org.netbeans.modules.mdr/1 [1.5.1.2.2 2 200603142030]
	org.netbeans.modules.classfile/1 [1.18.1 200603142030]
	org.netbeans.modules.javacore/1 [1.18.1.2.2 200603142030]
	org.netbeans.modules.java/1 [1.25.1.2.2.2 2 200603142030]
	org.netbeans.modules.project.libraries/1 [1.13.1 200603142030]
	org.netbeans.modules.java.project/1 [1.8.1 200603142030]
	org.netbeans.spi.debugger.ui/1 [2.8.1 200603142030]
	org.netbeans.modules.debugger.jpda.ui/1 [1.5.1 200603142030]
	org.netbeans.modules.debugger.jpda.ant [1.7.1 200603142030]
	org.netbeans.modules.javahelp/1 [2.8.1 200603142030]
	org.netbeans.modules.junit/2 [2.19.1 200603142030]
	org.netbeans.modules.image/1 [1.17.1 200603142030]
	org.netbeans.libs.xerces/1 [1.8.1 2.6.2 200603142030]
	org.netbeans.ncre.upgrader [1.0 070430]
	org.netbeans.modules.editor.settings/1 [1.4.1 200603142030]
	org.netbeans.modules.editor/3 [1.26.1.1 200603142030]
	org.netbeans.modules.editor.completion/1 [1.6.1 200603142030]
	org.netbeans.modules.html.editor.lib/1 [1.4.1 200603142030]
	org.netbeans.modules.html.editor/1 [1.4.1 200603142030]
	org.netbeans.modules.editor.structure/1 [1.11.1.1 1 200603142030]
	org.netbeans.modules.java.navigation/1 [1.2.1 200603142030]
	org.netbeans.modules.editor.errorstripe/2 [2.2.1.1.1 1 200603142030]
	org.netbeans.modules.editor.codetemplates/1 [1.2.1 200603142030]
	org.netbeans.modules.defaults/1 [1.2.1 200603142030]
	org.netbeans.spi.palette/0 [1.5.1 200603142030]
	org.netbeans.modules.form/2 [1.19.1 1 200603142030]
	org.netbeans.modules.servletapi/1 [1.9.1 200603142030]
	org.netbeans.modules.autoupdate/1 [2.16.1 200603142030]
	org.netbeans.modules.ant.freeform/1 [1.10.1 200603142030]
	org.netbeans.modules.usersguide/1 [1.19.1 200603142030]
	org.netbeans.modules.settings/1 [1.10.1 200603142030]
	org.netbeans.swing.tabcontrol [1.6.1 200603142030]
	org.netbeans.core.windows/2 [2.7.1.1 200603142030]
	org.netbeans.modules.ant.browsetask [1.11.1 200603142030]
	org.netbeans.modules.httpserver/2 [2.5.1.42 42 200603142030]
	org.netbeans.modules.javadoc/1 [1.18.1 200603142030]
	org.netbeans.modules.ant.grammar/1 [1.14.1 200603142030]
	org.netbeans.modules.java.freeform/1 [1.5.1 200603142030]
	org.netbeans.modules.properties/1 [1.17.1 200603142030]
	org.netbeans.modules.utilities/1 [1.21.1 200603142030]
	org.netbeans.modules.utilities.project/1 [1.5.1 200603142030]
	org.netbeans.modules.websvc.clientapi [1.4.1 200603142030]
	org.netbeans.modules.java.j2seproject [1.6.1.42 42 200603142030]
	org.netbeans.modules.java.editor.lib/1 [1.4.1 200603142030]
	org.netbeans.modules.java.editor/1 [1.4.1 200603142030]
	com.sun.sdnchina.ncrev2 [1.1 071215]
	org.netbeans.modules.editor.hints/1 [1.9.1.1 1 200603142030]
	org.netbeans.modules.java.hints/1 [1.10.1.1 1 200603142030]
	org.netbeans.modules.editor.settings.storage/1 [1.4.1 200603142030]
	org.netbeans.modules.options.editor/1 [1.2.1 200603142030]
	org.netbeans.modules.editor.plain/1 [1.3.1 200603142030]
	org.netbeans.modules.properties.syntax/1 [1.17.1 200603142030]
	org.netbeans.modules.html/1 [1.19.1 200603142030]
	org.netbeans.core.ide/1 [1.9.1 200603142030]
	org.netbeans.modules.editor.bookmarks/1 [1.3.1 200603142030]
	org.netbeans.modules.extbrowser/1 [1.9.1 200603142030]
	org.netbeans.modules.java.j2seplatform/1 [1.6.1.2 2 200603142030]
	org.netbeans.modules.java.examples/1 [1.5.1 200603142030]
*********** Exception occurred ************ at 4:04 PM on Mar 15, 2016
java.lang.NullPointerException
	at java.awt.Dimension.<init>(Dimension.java:91)
	at javax.swing.plaf.basic.BasicProgressBarUI.getPreferredSize(BasicProgressBarUI.java:799)
	at javax.swing.JComponent.getPreferredSize(JComponent.java:1275)
	at org.netbeans.progress.module.ui.NbProgressBar.getPreferredSize(NbProgressBar.java:55)
	at org.netbeans.progress.module.ui.StatusLineComponent.<init>(StatusLineComponent.java:95)
	at org.netbeans.progress.module.Controller.getDefault(Controller.java:69)
	at org.netbeans.progress.module.ProgressVisualizerProvider.getStatusLineElement(ProgressVisualizerProvider.java:30)
	at org.netbeans.core.windows.view.ui.MainWindow.getStatusLineElements(MainWindow.java:247)
	at org.netbeans.core.windows.view.ui.MainWindow.decoratePanel(MainWindow.java:221)
	at org.netbeans.core.windows.view.ui.MainWindow.initializeComponents(MainWindow.java:176)
	at org.netbeans.core.windows.view.DefaultView.showWindowSystem(DefaultView.java:500)
	at org.netbeans.core.windows.view.DefaultView.windowSystemVisibilityChanged(DefaultView.java:479)
	at org.netbeans.core.windows.view.DefaultView.changeGUI(DefaultView.java:163)
	at org.netbeans.core.windows.ViewRequestor.dispatchRequest(ViewRequestor.java:238)
	at org.netbeans.core.windows.ViewRequestor.processVisibilityRequest(ViewRequestor.java:227)
	at org.netbeans.core.windows.ViewRequestor.postVisibilityRequest(ViewRequestor.java:164)
	at org.netbeans.core.windows.ViewRequestor.scheduleRequest(ViewRequestor.java:85)
	at org.netbeans.core.windows.Central.setVisible(Central.java:74)
	at org.netbeans.core.windows.WindowManagerImpl.setVisible(WindowManagerImpl.java:710)
	at org.netbeans.core.windows.WindowSystemImpl.show(WindowSystemImpl.java:56)
	at org.netbeans.core.NonGui$3.run(NonGui.java:223)
	at java.awt.event.InvocationEvent.dispatch(InvocationEvent.java:189)
	at java.awt.EventQueue.dispatchEvent(EventQueue.java:478)
[catch] at java.awt.EventDispatchThread.pumpOneEventForHierarchy(EventDispatchThread.java:201)
	at java.awt.EventDispatchThread.pumpEventsForHierarchy(EventDispatchThread.java:151)
	at java.awt.EventDispatchThread.pumpEvents(EventDispatchThread.java:145)
	at java.awt.EventDispatchThread.pumpEvents(EventDispatchThread.java:137)
	at java.awt.EventDispatchThread.run(EventDispatchThread.java:100)
*********** Exception occurred ************ at 4:07 PM on Mar 15, 2016
java.lang.ClassNotFoundException: Cannot instantiate org.netbeans.progress.module.ProgressListAction for MultiFileObject@4a0a42[Actions/Window/org-netbeans-progress-module-ProgressListAction.instance]
	at org.openide.loaders.InstanceSupport.instanceCreate(InstanceSupport.java:212)
	at org.openide.loaders.InstanceDataObject$Ser.instanceCreate(InstanceDataObject.java:1225)
	at org.openide.loaders.InstanceDataObject.instanceCreate(InstanceDataObject.java:733)
	at org.openide.loaders.FolderInstance.instanceForCookie(FolderInstance.java:515)
	at org.openide.loaders.FolderInstance$HoldInstance.instanceCreate(FolderInstance.java:1000)
[catch] at org.openide.awt.MenuBar.allInstances(MenuBar.java:210)
	at org.openide.awt.MenuBar$LazyMenu$MenuFolder.createInstance(MenuBar.java:614)
	at org.openide.loaders.FolderInstance.defaultProcessObjects(FolderInstance.java:736)
	at org.openide.loaders.FolderInstance.access$000(FolderInstance.java:68)
	at org.openide.loaders.FolderInstance$2.run(FolderInstance.java:622)
	at org.openide.util.Task.run(Task.java:216)
	at org.openide.awt.AWTTask.run(AWTTask.java:29)
	at java.awt.event.InvocationEvent.dispatch(InvocationEvent.java:189)
	at java.awt.EventQueue.dispatchEvent(EventQueue.java:478)
	at java.awt.EventDispatchThread.pumpOneEventForHierarchy(EventDispatchThread.java:201)
	at java.awt.EventDispatchThread.pumpEventsForHierarchy(EventDispatchThread.java:151)
	at java.awt.EventDispatchThread.pumpEvents(EventDispatchThread.java:145)
	at java.awt.EventDispatchThread.pumpEvents(EventDispatchThread.java:137)
	at java.awt.EventDispatchThread.run(EventDispatchThread.java:100)
Caused by: java.lang.NullPointerException
	at java.awt.Dimension.<init>(Dimension.java:91)
	at javax.swing.plaf.basic.BasicProgressBarUI.getPreferredSize(BasicProgressBarUI.java:799)
	at javax.swing.JComponent.getPreferredSize(JComponent.java:1275)
	at org.netbeans.progress.module.ui.NbProgressBar.getPreferredSize(NbProgressBar.java:55)
	at org.netbeans.progress.module.ui.StatusLineComponent.<init>(StatusLineComponent.java:95)
	at org.netbeans.progress.module.Controller.getDefault(Controller.java:69)
	at org.netbeans.progress.module.ProgressListAction.<init>(ProgressListAction.java:36)
	at org.netbeans.progress.module.ProgressListAction.<init>(ProgressListAction.java:30)
	at sun.reflect.NativeConstructorAccessorImpl.newInstance0(Native Method)
	at sun.reflect.NativeConstructorAccessorImpl.newInstance(NativeConstructorAccessorImpl.java:39)
	at sun.reflect.DelegatingConstructorAccessorImpl.newInstance(DelegatingConstructorAccessorImpl.java:27)
	at java.lang.reflect.Constructor.newInstance(Constructor.java:274)
	at java.lang.Class.newInstance0(Class.java:308)
	at java.lang.Class.newInstance(Class.java:261)
	at org.openide.loaders.InstanceSupport.instanceCreate(InstanceSupport.java:201)
	... 18 more
==>
java.lang.NullPointerException
	at java.awt.Dimension.<init>(Dimension.java:91)
	at javax.swing.plaf.basic.BasicProgressBarUI.getPreferredSize(BasicProgressBarUI.java:799)
	at javax.swing.JComponent.getPreferredSize(JComponent.java:1275)
	at org.netbeans.progress.module.ui.NbProgressBar.getPreferredSize(NbProgressBar.java:55)
	at org.netbeans.progress.module.ui.StatusLineComponent.<init>(StatusLineComponent.java:95)
	at org.netbeans.progress.module.Controller.getDefault(Controller.java:69)
	at org.netbeans.progress.module.ProgressListAction.<init>(ProgressListAction.java:36)
	at org.netbeans.progress.module.ProgressListAction.<init>(ProgressListAction.java:30)
	at sun.reflect.NativeConstructorAccessorImpl.newInstance0(Native Method)
	at sun.reflect.NativeConstructorAccessorImpl.newInstance(NativeConstructorAccessorImpl.java:39)
	at sun.reflect.DelegatingConstructorAccessorImpl.newInstance(DelegatingConstructorAccessorImpl.java:27)
	at java.lang.reflect.Constructor.newInstance(Constructor.java:274)
	at java.lang.Class.newInstance0(Class.java:308)
	at java.lang.Class.newInstance(Class.java:261)
	at org.openide.loaders.InstanceSupport.instanceCreate(InstanceSupport.java:201)
	at org.openide.loaders.InstanceDataObject$Ser.instanceCreate(InstanceDataObject.java:1225)
	at org.openide.loaders.InstanceDataObject.instanceCreate(InstanceDataObject.java:733)
	at org.openide.loaders.FolderInstance.instanceForCookie(FolderInstance.java:515)
	at org.openide.loaders.FolderInstance$HoldInstance.instanceCreate(FolderInstance.java:1000)
[catch] at org.openide.awt.MenuBar.allInstances(MenuBar.java:210)
	at org.openide.awt.MenuBar$LazyMenu$MenuFolder.createInstance(MenuBar.java:614)
	at org.openide.loaders.FolderInstance.defaultProcessObjects(FolderInstance.java:736)
	at org.openide.loaders.FolderInstance.access$000(FolderInstance.java:68)
	at org.openide.loaders.FolderInstance$2.run(FolderInstance.java:622)
	at org.openide.util.Task.run(Task.java:216)
	at org.openide.awt.AWTTask.run(AWTTask.java:29)
	at java.awt.event.InvocationEvent.dispatch(InvocationEvent.java:189)
	at java.awt.EventQueue.dispatchEvent(EventQueue.java:478)
	at java.awt.EventDispatchThread.pumpOneEventForHierarchy(EventDispatchThread.java:201)
	at java.awt.EventDispatchThread.pumpEventsForHierarchy(EventDispatchThread.java:151)
	at java.awt.EventDispatchThread.pumpEvents(EventDispatchThread.java:145)
	at java.awt.EventDispatchThread.pumpEvents(EventDispatchThread.java:137)
	at java.awt.EventDispatchThread.run(EventDispatchThread.java:100)
*********** Exception occurred ************ at 4:07 PM on Mar 15, 2016
java.lang.ClassNotFoundException: Cannot instantiate org.netbeans.progress.module.ProgressListAction for MultiFileObject@4a0a42[Actions/Window/org-netbeans-progress-module-ProgressListAction.instance]
	at org.openide.loaders.InstanceSupport.instanceCreate(InstanceSupport.java:212)
	at org.openide.loaders.InstanceDataObject$Ser.instanceCreate(InstanceDataObject.java:1225)
	at org.openide.loaders.InstanceDataObject.instanceCreate(InstanceDataObject.java:733)
	at org.openide.loaders.FolderInstance.instanceForCookie(FolderInstance.java:515)
	at org.openide.loaders.FolderInstance$HoldInstance.instanceCreate(FolderInstance.java:1000)
[catch] at org.openide.awt.MenuBar.allInstances(MenuBar.java:210)
	at org.openide.awt.MenuBar$LazyMenu$MenuFolder.createInstance(MenuBar.java:614)
	at org.openide.loaders.FolderInstance.defaultProcessObjects(FolderInstance.java:736)
	at org.openide.loaders.FolderInstance.access$000(FolderInstance.java:68)
	at org.openide.loaders.FolderInstance$2.run(FolderInstance.java:622)
	at org.openide.util.Task.run(Task.java:216)
	at org.openide.awt.AWTTask.run(AWTTask.java:29)
	at java.awt.event.InvocationEvent.dispatch(InvocationEvent.java:189)
	at java.awt.EventQueue.dispatchEvent(EventQueue.java:478)
	at java.awt.EventDispatchThread.pumpOneEventForHierarchy(EventDispatchThread.java:201)
	at java.awt.EventDispatchThread.pumpEventsForHierarchy(EventDispatchThread.java:151)
	at java.awt.EventDispatchThread.pumpEvents(EventDispatchThread.java:145)
	at java.awt.EventDispatchThread.pumpEvents(EventDispatchThread.java:137)
	at java.awt.EventDispatchThread.run(EventDispatchThread.java:100)
Caused by: java.lang.NullPointerException
	at java.awt.Dimension.<init>(Dimension.java:91)
	at javax.swing.plaf.basic.BasicProgressBarUI.getPreferredSize(BasicProgressBarUI.java:799)
	at javax.swing.JComponent.getPreferredSize(JComponent.java:1275)
	at org.netbeans.progress.module.ui.NbProgressBar.getPreferredSize(NbProgressBar.java:55)
	at org.netbeans.progress.module.ui.StatusLineComponent.<init>(StatusLineComponent.java:95)
	at org.netbeans.progress.module.Controller.getDefault(Controller.java:69)
	at org.netbeans.progress.module.ProgressListAction.<init>(ProgressListAction.java:36)
	at org.netbeans.progress.module.ProgressListAction.<init>(ProgressListAction.java:30)
	at sun.reflect.NativeConstructorAccessorImpl.newInstance0(Native Method)
	at sun.reflect.NativeConstructorAccessorImpl.newInstance(NativeConstructorAccessorImpl.java:39)
	at sun.reflect.DelegatingConstructorAccessorImpl.newInstance(DelegatingConstructorAccessorImpl.java:27)
	at java.lang.reflect.Constructor.newInstance(Constructor.java:274)
	at java.lang.Class.newInstance0(Class.java:308)
	at java.lang.Class.newInstance(Class.java:261)
	at org.openide.loaders.InstanceSupport.instanceCreate(InstanceSupport.java:201)
	... 18 more
==>
java.lang.NullPointerException
	at java.awt.Dimension.<init>(Dimension.java:91)
	at javax.swing.plaf.basic.BasicProgressBarUI.getPreferredSize(BasicProgressBarUI.java:799)
	at javax.swing.JComponent.getPreferredSize(JComponent.java:1275)
	at org.netbeans.progress.module.ui.NbProgressBar.getPreferredSize(NbProgressBar.java:55)
	at org.netbeans.progress.module.ui.StatusLineComponent.<init>(StatusLineComponent.java:95)
	at org.netbeans.progress.module.Controller.getDefault(Controller.java:69)
	at org.netbeans.progress.module.ProgressListAction.<init>(ProgressListAction.java:36)
	at org.netbeans.progress.module.ProgressListAction.<init>(ProgressListAction.java:30)
	at sun.reflect.NativeConstructorAccessorImpl.newInstance0(Native Method)
	at sun.reflect.NativeConstructorAccessorImpl.newInstance(NativeConstructorAccessorImpl.java:39)
	at sun.reflect.DelegatingConstructorAccessorImpl.newInstance(DelegatingConstructorAccessorImpl.java:27)
	at java.lang.reflect.Constructor.newInstance(Constructor.java:274)
	at java.lang.Class.newInstance0(Class.java:308)
	at java.lang.Class.newInstance(Class.java:261)
	at org.openide.loaders.InstanceSupport.instanceCreate(InstanceSupport.java:201)
	at org.openide.loaders.InstanceDataObject$Ser.instanceCreate(InstanceDataObject.java:1225)
	at org.openide.loaders.InstanceDataObject.instanceCreate(InstanceDataObject.java:733)
	at org.openide.loaders.FolderInstance.instanceForCookie(FolderInstance.java:515)
	at org.openide.loaders.FolderInstance$HoldInstance.instanceCreate(FolderInstance.java:1000)
[catch] at org.openide.awt.MenuBar.allInstances(MenuBar.java:210)
	at org.openide.awt.MenuBar$LazyMenu$MenuFolder.createInstance(MenuBar.java:614)
	at org.openide.loaders.FolderInstance.defaultProcessObjects(FolderInstance.java:736)
	at org.openide.loaders.FolderInstance.access$000(FolderInstance.java:68)
	at org.openide.loaders.FolderInstance$2.run(FolderInstance.java:622)
	at org.openide.util.Task.run(Task.java:216)
	at org.openide.awt.AWTTask.run(AWTTask.java:29)
	at java.awt.event.InvocationEvent.dispatch(InvocationEvent.java:189)
	at java.awt.EventQueue.dispatchEvent(EventQueue.java:478)
	at java.awt.EventDispatchThread.pumpOneEventForHierarchy(EventDispatchThread.java:201)
	at java.awt.EventDispatchThread.pumpEventsForHierarchy(EventDispatchThread.java:151)
	at java.awt.EventDispatchThread.pumpEvents(EventDispatchThread.java:145)
	at java.awt.EventDispatchThread.pumpEvents(EventDispatchThread.java:137)
	at java.awt.EventDispatchThread.run(EventDispatchThread.java:100)
*********** Exception occurred ************ at 4:08 PM on Mar 15, 2016
java.lang.NullPointerException
	at java.awt.Dimension.<init>(Dimension.java:91)
	at javax.swing.plaf.basic.BasicProgressBarUI.getPreferredSize(BasicProgressBarUI.java:799)
	at javax.swing.JComponent.getPreferredSize(JComponent.java:1275)
	at org.netbeans.progress.module.ui.NbProgressBar.getPreferredSize(NbProgressBar.java:55)
	at java.awt.BorderLayout.preferredLayoutSize(BorderLayout.java:572)
	at java.awt.Container.preferredSize(Container.java:1178)
	at java.awt.Container.getPreferredSize(Container.java:1162)
	at javax.swing.JComponent.getPreferredSize(JComponent.java:1277)
	at java.awt.GridBagLayout.GetLayoutInfo(GridBagLayout.java:892)
	at java.awt.GridBagLayout.getLayoutInfo(GridBagLayout.java:806)
	at java.awt.GridBagLayout.preferredLayoutSize(GridBagLayout.java:630)
	at java.awt.Container.preferredSize(Container.java:1178)
	at java.awt.Container.getPreferredSize(Container.java:1162)
	at javax.swing.JComponent.getPreferredSize(JComponent.java:1277)
	at java.awt.BorderLayout.preferredLayoutSize(BorderLayout.java:572)
	at java.awt.Container.preferredSize(Container.java:1178)
	at java.awt.Container.getPreferredSize(Container.java:1162)
	at javax.swing.JComponent.getPreferredSize(JComponent.java:1277)
	at javax.swing.JRootPane$RootLayout.preferredLayoutSize(JRootPane.java:820)
	at java.awt.Container.preferredSize(Container.java:1178)
	at java.awt.Container.getPreferredSize(Container.java:1162)
	at javax.swing.JComponent.getPreferredSize(JComponent.java:1277)
	at java.awt.BorderLayout.preferredLayoutSize(BorderLayout.java:572)
	at java.awt.Container.preferredSize(Container.java:1178)
	at java.awt.Container.getPreferredSize(Container.java:1162)
	at java.awt.Window.pack(Window.java:438)
	at org.netbeans.modules.project.ui.OpenProjectList.open(OpenProjectList.java:181)
	at org.netbeans.modules.project.ui.actions.NewProject$2.run(NewProject.java:164)
	at java.awt.event.InvocationEvent.dispatch(InvocationEvent.java:189)
	at java.awt.EventQueue.dispatchEvent(EventQueue.java:478)
[catch] at java.awt.EventDispatchThread.pumpOneEventForHierarchy(EventDispatchThread.java:201)
	at java.awt.EventDispatchThread.pumpEventsForHierarchy(EventDispatchThread.java:151)
	at java.awt.EventDispatchThread.pumpEvents(EventDispatchThread.java:145)
	at java.awt.EventDispatchThread.pumpEvents(EventDispatchThread.java:137)
	at java.awt.EventDispatchThread.run(EventDispatchThread.java:100)
*********** Exception occurred ************ at 4:08 PM on Mar 15, 2016
java.lang.NullPointerException
	at java.awt.Dimension.<init>(Dimension.java:91)
	at javax.swing.plaf.basic.BasicProgressBarUI.getPreferredSize(BasicProgressBarUI.java:799)
	at javax.swing.JComponent.getPreferredSize(JComponent.java:1275)
	at org.netbeans.progress.module.ui.NbProgressBar.getPreferredSize(NbProgressBar.java:55)
	at java.awt.BorderLayout.preferredLayoutSize(BorderLayout.java:572)
	at java.awt.Container.preferredSize(Container.java:1178)
	at java.awt.Container.getPreferredSize(Container.java:1162)
	at javax.swing.JComponent.getPreferredSize(JComponent.java:1277)
	at java.awt.GridBagLayout.GetLayoutInfo(GridBagLayout.java:892)
	at java.awt.GridBagLayout.getLayoutInfo(GridBagLayout.java:806)
	at java.awt.GridBagLayout.preferredLayoutSize(GridBagLayout.java:630)
	at java.awt.Container.preferredSize(Container.java:1178)
	at java.awt.Container.getPreferredSize(Container.java:1162)
	at javax.swing.JComponent.getPreferredSize(JComponent.java:1277)
	at java.awt.BorderLayout.preferredLayoutSize(BorderLayout.java:572)
	at java.awt.Container.preferredSize(Container.java:1178)
	at java.awt.Container.getPreferredSize(Container.java:1162)
	at javax.swing.JComponent.getPreferredSize(JComponent.java:1277)
	at javax.swing.JRootPane$RootLayout.preferredLayoutSize(JRootPane.java:820)
	at java.awt.Container.preferredSize(Container.java:1178)
	at java.awt.Container.getPreferredSize(Container.java:1162)
	at javax.swing.JComponent.getPreferredSize(JComponent.java:1277)
	at java.awt.BorderLayout.preferredLayoutSize(BorderLayout.java:572)
	at java.awt.Container.preferredSize(Container.java:1178)
	at java.awt.Container.getPreferredSize(Container.java:1162)
	at java.awt.Window.pack(Window.java:438)
	at org.netbeans.modules.project.ui.OpenProjectList.open(OpenProjectList.java:181)
	at org.netbeans.modules.project.ui.actions.OpenProject.actionPerformed(OpenProject.java:106)
	at javax.swing.AbstractButton.fireActionPerformed(AbstractButton.java:1786)
	at javax.swing.AbstractButton$ForwardActionEvents.actionPerformed(AbstractButton.java:1839)
	at javax.swing.DefaultButtonModel.fireActionPerformed(DefaultButtonModel.java:420)
	at javax.swing.DefaultButtonModel.setPressed(DefaultButtonModel.java:258)
	at javax.swing.AbstractButton.doClick(AbstractButton.java:289)
	at javax.swing.plaf.basic.BasicMenuItemUI.doClick(BasicMenuItemUI.java:1113)
	at javax.swing.plaf.basic.BasicMenuItemUI$MouseInputHandler.mouseReleased(BasicMenuItemUI.java:943)
	at java.awt.Component.processMouseEvent(Component.java:5100)
	at java.awt.Component.processEvent(Component.java:4897)
	at java.awt.Container.processEvent(Container.java:1569)
	at java.awt.Component.dispatchEventImpl(Component.java:3615)
	at java.awt.Container.dispatchEventImpl(Container.java:1627)
	at java.awt.Component.dispatchEvent(Component.java:3477)
	at java.awt.LightweightDispatcher.retargetMouseEvent(Container.java:3483)
	at java.awt.LightweightDispatcher.processMouseEvent(Container.java:3198)
	at java.awt.LightweightDispatcher.dispatchEvent(Container.java:3128)
	at java.awt.Container.dispatchEventImpl(Container.java:1613)
	at java.awt.Window.dispatchEventImpl(Window.java:1606)
	at java.awt.Component.dispatchEvent(Component.java:3477)
	at java.awt.EventQueue.dispatchEvent(EventQueue.java:480)
[catch] at java.awt.EventDispatchThread.pumpOneEventForHierarchy(EventDispatchThread.java:201)
	at java.awt.EventDispatchThread.pumpEventsForHierarchy(EventDispatchThread.java:151)
	at java.awt.EventDispatchThread.pumpEvents(EventDispatchThread.java:145)
	at java.awt.EventDispatchThread.pumpEvents(EventDispatchThread.java:137)
	at java.awt.EventDispatchThread.run(EventDispatchThread.java:100)
[org.netbeans.core.modules] *********** Exception occurred ************ at 4:16 PM on Mar 15, 2016
java.lang.NullPointerException
	at java.awt.Dimension.<init>(Dimension.java:91)
	at javax.swing.plaf.basic.BasicProgressBarUI.getPreferredSize(BasicProgressBarUI.java:799)
	at javax.swing.JComponent.getPreferredSize(JComponent.java:1275)
	at org.netbeans.progress.module.ui.NbProgressBar.getPreferredSize(NbProgressBar.java:55)
	at org.netbeans.progress.module.ui.StatusLineComponent.<init>(StatusLineComponent.java:95)
	at org.netbeans.progress.module.Controller.getDefault(Controller.java:69)
	at org.netbeans.core.execution.Install.getPendingTasks(Install.java:348)
	at org.netbeans.core.execution.Install.showPendingTasks(Install.java:201)
	at org.netbeans.core.execution.Install.closing(Install.java:132)
[catch] at org.netbeans.core.startup.NbInstaller.closing(NbInstaller.java:598)
	at org.netbeans.ModuleManager.shutDown(ModuleManager.java:1552)
	at org.netbeans.core.startup.ModuleSystem.shutDown(ModuleSystem.java:257)
	at org.netbeans.core.NbTopManager.doExit(NbTopManager.java:369)
	at org.netbeans.core.NbTopManager.exit(NbTopManager.java:325)
	at org.netbeans.core.NbTopManager$NbLifecycleManager.exit(NbTopManager.java:424)
	at org.netbeans.core.windows.view.ui.MainWindow$4.windowClosing(MainWindow.java:290)
	at java.awt.AWTEventMulticaster.windowClosing(AWTEventMulticaster.java:291)
	at java.awt.Window.processWindowEvent(Window.java:1121)
	at javax.swing.JFrame.processWindowEvent(JFrame.java:266)
	at java.awt.Window.processEvent(Window.java:1079)
	at java.awt.Component.dispatchEventImpl(Component.java:3615)
	at java.awt.Container.dispatchEventImpl(Container.java:1627)
	at java.awt.Window.dispatchEventImpl(Window.java:1606)
	at java.awt.Component.dispatchEvent(Component.java:3477)
	at java.awt.EventQueue.dispatchEvent(EventQueue.java:480)
	at java.awt.EventDispatchThread.pumpOneEventForHierarchy(EventDispatchThread.java:201)
	at java.awt.EventDispatchThread.pumpEventsForHierarchy(EventDispatchThread.java:151)
	at java.awt.EventDispatchThread.pumpEvents(EventDispatchThread.java:145)
	at java.awt.EventDispatchThread.pumpEvents(EventDispatchThread.java:137)
	at java.awt.EventDispatchThread.run(EventDispatchThread.java:100)
[org.netbeans.core.modules] *********** Exception occurred ************ at 4:16 PM on Mar 15, 2016
java.lang.NullPointerException
	at java.awt.Dimension.<init>(Dimension.java:91)
	at javax.swing.plaf.basic.BasicProgressBarUI.getPreferredSize(BasicProgressBarUI.java:799)
	at javax.swing.JComponent.getPreferredSize(JComponent.java:1275)
	at org.netbeans.progress.module.ui.NbProgressBar.getPreferredSize(NbProgressBar.java:55)
	at java.awt.BorderLayout.preferredLayoutSize(BorderLayout.java:572)
	at java.awt.Container.preferredSize(Container.java:1178)
	at java.awt.Container.getPreferredSize(Container.java:1162)
	at javax.swing.JComponent.getPreferredSize(JComponent.java:1277)
	at java.awt.BorderLayout.preferredLayoutSize(BorderLayout.java:572)
	at java.awt.Container.preferredSize(Container.java:1178)
	at java.awt.Container.getPreferredSize(Container.java:1162)
	at javax.swing.JComponent.getPreferredSize(JComponent.java:1277)
	at javax.swing.JRootPane$RootLayout.preferredLayoutSize(JRootPane.java:820)
	at java.awt.Container.preferredSize(Container.java:1178)
	at java.awt.Container.getPreferredSize(Container.java:1162)
	at javax.swing.JComponent.getPreferredSize(JComponent.java:1277)
	at java.awt.BorderLayout.preferredLayoutSize(BorderLayout.java:572)
	at java.awt.Container.preferredSize(Container.java:1178)
	at java.awt.Container.getPreferredSize(Container.java:1162)
	at java.awt.Window.pack(Window.java:438)
	at org.netbeans.modules.javacore.ShutDownProgressPanel.<init>(ShutDownProgressPanel.java:41)
	at org.netbeans.modules.javacore.ShutDownProgressPanel.getDefault(ShutDownProgressPanel.java:49)
	at org.netbeans.modules.javacore.ShutDownProgressListener.getPanel(ShutDownProgressListener.java:29)
	at org.netbeans.modules.javacore.ShutDownProgressListener.init(ShutDownProgressListener.java:36)
	at org.netbeans.modules.mdr.MDRManagerImpl.fireProgressListenerInitialize(MDRManagerImpl.java:147)
	at org.netbeans.modules.mdr.MDRManagerImpl.preShutdownAll(MDRManagerImpl.java:239)
	at org.netbeans.modules.mdr.MdrModule.close(MdrModule.java:44)
[catch] at org.netbeans.core.startup.NbInstaller.close(NbInstaller.java:628)
	at org.netbeans.ModuleManager.shutDown(ModuleManager.java:1564)
	at org.netbeans.core.startup.ModuleSystem.shutDown(ModuleSystem.java:257)
	at org.netbeans.core.NbTopManager.doExit(NbTopManager.java:369)
	at org.netbeans.core.NbTopManager.exit(NbTopManager.java:325)
	at org.netbeans.core.NbTopManager$NbLifecycleManager.exit(NbTopManager.java:424)
	at org.netbeans.core.windows.view.ui.MainWindow$4.windowClosing(MainWindow.java:290)
	at java.awt.AWTEventMulticaster.windowClosing(AWTEventMulticaster.java:291)
	at java.awt.Window.processWindowEvent(Window.java:1121)
	at javax.swing.JFrame.processWindowEvent(JFrame.java:266)
	at java.awt.Window.processEvent(Window.java:1079)
	at java.awt.Component.dispatchEventImpl(Component.java:3615)
	at java.awt.Container.dispatchEventImpl(Container.java:1627)
	at java.awt.Window.dispatchEventImpl(Window.java:1606)
	at java.awt.Component.dispatchEvent(Component.java:3477)
	at java.awt.EventQueue.dispatchEvent(EventQueue.java:480)
	at java.awt.EventDispatchThread.pumpOneEventForHierarchy(EventDispatchThread.java:201)
	at java.awt.EventDispatchThread.pumpEventsForHierarchy(EventDispatchThread.java:151)
	at java.awt.EventDispatchThread.pumpEvents(EventDispatchThread.java:145)
	at java.awt.EventDispatchThread.pumpEvents(EventDispatchThread.java:137)
	at java.awt.EventDispatchThread.run(EventDispatchThread.java:100)
